<?xml version="1.0" encoding="UTF-8"?>
<testng-results skipped="0" failed="0" ignored="0" total="1" passed="1">
  <reporter-output>
  </reporter-output>
  <suite name="Default suite" duration-ms="21344" started-at="2021-01-15T17:36:56 IST" finished-at="2021-01-15T17:37:17 IST">
    <groups>
    </groups>
    <test name="Default test" duration-ms="21344" started-at="2021-01-15T17:36:56 IST" finished-at="2021-01-15T17:37:17 IST">
      <class name="pomverify.fbloginTest">
        <test-method status="PASS" signature="f()[pri:0, instance:pomverify.fbloginTest@614ddd49]" name="f" duration-ms="21318" started-at="2021-01-15T17:36:56 IST" finished-at="2021-01-15T17:37:17 IST">
          <reporter-output>
          </reporter-output>
        </test-method> <!-- f -->
      </class> <!-- pomverify.fbloginTest -->
    </test> <!-- Default test -->
  </suite> <!-- Default suite -->
</testng-results>
